2023-01-16 09:25:41 warning: DebugKit not enabled. You need to either install pdo_sqlite, or define the "debug_kit" connection name.
2023-01-16 09:25:41 error: [Cake\Database\Exception\MissingConnectionException] Connection to Mysql could not be established: SQLSTATE[HY000] [1045] Access denied for user 'my_app'@'localhost' (using password: YES) in /var/www/html/my/vendor/cakephp/cakephp/src/Database/Driver.php on line 133
Exception Attributes: array (
  'driver' => 'Mysql',
  'reason' => 'SQLSTATE[HY000] [1045] Access denied for user \'my_app\'@\'localhost\' (using password: YES)',
)
Stack Trace:
- /var/www/html/my/vendor/cakephp/cakephp/src/Database/Driver/Mysql.php:164
- /var/www/html/my/vendor/cakephp/cakephp/src/Database/Schema/SchemaDialect.php:51
- /var/www/html/my/vendor/cakephp/cakephp/src/Database/Driver/Mysql.php:216
- /var/www/html/my/vendor/cakephp/cakephp/src/Database/Schema/Collection.php:53
- /var/www/html/my/vendor/cakephp/cakephp/src/Database/Connection.php:418
- /var/www/html/my/vendor/cakephp/bake/src/Command/ModelCommand.php:87
- /var/www/html/my/vendor/cakephp/bake/src/Command/AllCommand.php:115
- /var/www/html/my/vendor/cakephp/cakephp/src/Console/BaseCommand.php:189
- /var/www/html/my/vendor/cakephp/cakephp/src/Console/CommandRunner.php:334
- /var/www/html/my/vendor/cakephp/cakephp/src/Console/CommandRunner.php:172
- /var/www/html/my/bin/cake.php:12

Caused by: [PDOException] SQLSTATE[HY000] [1045] Access denied for user 'my_app'@'localhost' (using password: YES) in /var/www/html/my/vendor/cakephp/cakephp/src/Database/Driver.php on line 125
Stack Trace:
- /var/www/html/my/vendor/cakephp/cakephp/src/Database/Driver.php:125
- /var/www/html/my/vendor/cakephp/cakephp/src/Core/Retry/CommandRetry.php:70
- /var/www/html/my/vendor/cakephp/cakephp/src/Database/Driver.php:131
- /var/www/html/my/vendor/cakephp/cakephp/src/Database/Driver/Mysql.php:164
- /var/www/html/my/vendor/cakephp/cakephp/src/Database/Schema/SchemaDialect.php:51
- /var/www/html/my/vendor/cakephp/cakephp/src/Database/Driver/Mysql.php:216
- /var/www/html/my/vendor/cakephp/cakephp/src/Database/Schema/Collection.php:53
- /var/www/html/my/vendor/cakephp/cakephp/src/Database/Connection.php:418
- /var/www/html/my/vendor/cakephp/bake/src/Command/ModelCommand.php:87
- /var/www/html/my/vendor/cakephp/bake/src/Command/AllCommand.php:115
- /var/www/html/my/vendor/cakephp/cakephp/src/Console/BaseCommand.php:189
- /var/www/html/my/vendor/cakephp/cakephp/src/Console/CommandRunner.php:334
- /var/www/html/my/vendor/cakephp/cakephp/src/Console/CommandRunner.php:172
- /var/www/html/my/bin/cake.php:12

2023-01-16 09:26:40 warning: DebugKit not enabled. You need to either install pdo_sqlite, or define the "debug_kit" connection name.
2023-01-16 09:26:47 warning: DebugKit not enabled. You need to either install pdo_sqlite, or define the "debug_kit" connection name.
2023-01-16 09:26:56 warning: DebugKit not enabled. You need to either install pdo_sqlite, or define the "debug_kit" connection name.
2023-01-17 03:29:55 warning: DebugKit not enabled. You need to either install pdo_sqlite, or define the "debug_kit" connection name.
2023-01-17 03:47:59 warning: DebugKit not enabled. You need to either install pdo_sqlite, or define the "debug_kit" connection name.
2023-01-17 06:24:50 warning: DebugKit not enabled. You need to either install pdo_sqlite, or define the "debug_kit" connection name.
2023-01-17 06:25:06 warning: DebugKit not enabled. You need to either install pdo_sqlite, or define the "debug_kit" connection name.
2023-01-17 06:25:32 warning: DebugKit not enabled. You need to either install pdo_sqlite, or define the "debug_kit" connection name.
2023-01-17 06:26:20 warning: DebugKit not enabled. You need to either install pdo_sqlite, or define the "debug_kit" connection name.
2023-01-17 09:12:34 warning: DebugKit not enabled. You need to either install pdo_sqlite, or define the "debug_kit" connection name.
2023-01-17 09:26:47 warning: DebugKit not enabled. You need to either install pdo_sqlite, or define the "debug_kit" connection name.
2023-01-18 03:36:18 warning: DebugKit not enabled. You need to either install pdo_sqlite, or define the "debug_kit" connection name.
2023-01-18 09:48:48 warning: DebugKit not enabled. You need to either install pdo_sqlite, or define the "debug_kit" connection name.
2023-01-18 10:06:19 warning: DebugKit not enabled. You need to either install pdo_sqlite, or define the "debug_kit" connection name.
2023-01-18 10:07:16 warning: DebugKit not enabled. You need to either install pdo_sqlite, or define the "debug_kit" connection name.
2023-01-18 10:08:38 warning: DebugKit not enabled. You need to either install pdo_sqlite, or define the "debug_kit" connection name.
2023-01-18 10:12:05 warning: DebugKit not enabled. You need to either install pdo_sqlite, or define the "debug_kit" connection name.
2023-01-18 10:12:26 warning: DebugKit not enabled. You need to either install pdo_sqlite, or define the "debug_kit" connection name.
2023-01-18 10:14:55 warning: DebugKit not enabled. You need to either install pdo_sqlite, or define the "debug_kit" connection name.
2023-01-20 11:18:08 warning: DebugKit not enabled. You need to either install pdo_sqlite, or define the "debug_kit" connection name.
2023-01-23 11:26:25 warning: DebugKit not enabled. You need to either install pdo_sqlite, or define the "debug_kit" connection name.
